d:\resources\6_qt\projects\hsimri\x64\release\qrc_imgrc.obj
d:\resources\6_qt\projects\hsimri\x64\release\vc120.pdb
d:\resources\6_qt\projects\hsimri\generatedfiles\ui_process_property_form.h
d:\resources\6_qt\projects\hsimri\generatedfiles\ui_hdiff_mainwindow.h
d:\resources\6_qt\projects\hsimri\generatedfiles\qrc_imgrc.cpp
d:\resources\6_qt\projects\hsimri\release\moc_hdiff_mainwindow.cpp
d:\resources\6_qt\projects\hsimri\release\moc_process_property_form.cpp
d:\resources\6_qt\projects\hsimri\release\hsimri.lib
d:\resources\6_qt\projects\hsimri\release\hsimri.exp
d:\resources\6_qt\projects\hsimri\release\hsimri.exe
d:\resources\6_qt\projects\hsimri\x64\release\hdiff_mainwindow.obj
d:\resources\6_qt\projects\hsimri\x64\release\main.obj
d:\resources\6_qt\projects\hsimri\x64\release\moc_hdiff_mainwindow.obj
d:\resources\6_qt\projects\hsimri\x64\release\moc_process_property_form.obj
d:\resources\6_qt\projects\hsimri\x64\release\process_property_form.obj
d:\resources\6_qt\projects\hsimri\x64\release\hsimri.tlog\cl.command.1.tlog
d:\resources\6_qt\projects\hsimri\x64\release\hsimri.tlog\cl.read.1.tlog
d:\resources\6_qt\projects\hsimri\x64\release\hsimri.tlog\cl.write.1.tlog
d:\resources\6_qt\projects\hsimri\x64\release\hsimri.tlog\custombuild.command.1.tlog
d:\resources\6_qt\projects\hsimri\x64\release\hsimri.tlog\custombuild.read.1.tlog
d:\resources\6_qt\projects\hsimri\x64\release\hsimri.tlog\custombuild.write.1.tlog
d:\resources\6_qt\projects\hsimri\x64\release\hsimri.tlog\hsimri.write.1u.tlog
d:\resources\6_qt\projects\hsimri\x64\release\hsimri.tlog\link.command.1.tlog
d:\resources\6_qt\projects\hsimri\x64\release\hsimri.tlog\link.read.1.tlog
d:\resources\6_qt\projects\hsimri\x64\release\hsimri.tlog\link.write.1.tlog
